{
  "RSpec": {
    "coverage": {
      "/Users/wei/Desktop/Side-Project/RspecRails/Rspec-Demo/config/environments/test.rb": [
        null,
        null,
        null,
        null,
        null,
        1,
        null,
        null,
        1,
        1,
        null,
        null,
        null,
        null,
        1,
        null,
        null,
        1,
        1,
        null,
        null,
        null,
        null,
        1,
        1,
        1,
        null,
        null,
        1,
        null,
        null,
        1,
        null,
        null,
        1,
        null,
        1,
        null,
        null,
        null,
        null,
        1,
        null,
        null,
        1,
        null,
        null,
        null,
        null
      ],
      "/Users/wei/Desktop/Side-Project/RspecRails/Rspec-Demo/config/initializers/application_controller_renderer.rb": [
        null,
        null,
        null,
        null,
        null,
        null,
        null,
        null
      ],
      "/Users/wei/Desktop/Side-Project/RspecRails/Rspec-Demo/config/initializers/assets.rb": [
        null,
        null,
        null,
        1,
        null,
        null,
        null,
        null,
        1,
        null,
        null,
        null,
        null,
        null
      ],
      "/Users/wei/Desktop/Side-Project/RspecRails/Rspec-Demo/config/initializers/backtrace_silencers.rb": [
        null,
        null,
        null,
        null,
        null,
        null,
        null
      ],
      "/Users/wei/Desktop/Side-Project/RspecRails/Rspec-Demo/config/initializers/content_security_policy.rb": [
        null,
        null,
        null,
        null,
        null,
        null,
        null,
        null,
        null,
        null,
        null,
        null,
        null,
        null,
        null,
        null,
        null,
        null,
        null,
        null,
        null,
        null,
        null,
        null,
        null,
        null,
        null,
        null,
        null,
        null
      ],
      "/Users/wei/Desktop/Side-Project/RspecRails/Rspec-Demo/config/initializers/cookies_serializer.rb": [
        null,
        null,
        null,
        null,
        1
      ],
      "/Users/wei/Desktop/Side-Project/RspecRails/Rspec-Demo/config/initializers/filter_parameter_logging.rb": [
        null,
        null,
        null,
        1
      ],
      "/Users/wei/Desktop/Side-Project/RspecRails/Rspec-Demo/config/initializers/inflections.rb": [
        null,
        null,
        null,
        null,
        null,
        null,
        null,
        null,
        null,
        null,
        null,
        null,
        null,
        null,
        null,
        null
      ],
      "/Users/wei/Desktop/Side-Project/RspecRails/Rspec-Demo/config/initializers/mime_types.rb": [
        null,
        null,
        null,
        null
      ],
      "/Users/wei/Desktop/Side-Project/RspecRails/Rspec-Demo/config/initializers/wrap_parameters.rb": [
        null,
        null,
        null,
        null,
        null,
        null,
        1,
        2,
        null,
        null,
        null,
        null,
        null,
        null
      ],
      "/Users/wei/Desktop/Side-Project/RspecRails/Rspec-Demo/config/routes.rb": [
        1,
        1,
        null,
        null
      ],
      "/Users/wei/Desktop/Side-Project/RspecRails/Rspec-Demo/app/helpers/application_helper.rb": [
        1,
        null
      ],
      "/Users/wei/Desktop/Side-Project/RspecRails/Rspec-Demo/app/helpers/posts_helper.rb": [
        1,
        null
      ],
      "/Users/wei/Desktop/Side-Project/RspecRails/Rspec-Demo/app/controllers/posts_controller.rb": [
        1,
        1,
        null,
        null,
        null,
        1,
        1,
        null,
        null,
        null,
        null,
        1,
        null,
        null,
        null,
        1,
        1,
        null,
        null,
        null,
        1,
        null,
        null,
        null,
        null,
        1,
        2,
        null,
        2,
        2,
        4,
        2,
        null,
        0,
        0,
        null,
        null,
        null,
        null,
        null,
        null,
        1,
        2,
        2,
        4,
        2,
        null,
        0,
        0,
        null,
        null,
        null,
        null,
        null,
        null,
        1,
        0,
        0,
        0,
        0,
        null,
        null,
        null,
        1,
        null,
        1,
        3,
        null,
        null,
        null,
        1,
        4,
        null,
        null
      ],
      "/Users/wei/Desktop/Side-Project/RspecRails/Rspec-Demo/app/controllers/application_controller.rb": [
        1,
        null
      ],
      "/Users/wei/Desktop/Side-Project/RspecRails/Rspec-Demo/spec/models/post_spec.rb": [
        1,
        null,
        1,
        null,
        1,
        1,
        1,
        null,
        null,
        null,
        1,
        1,
        null,
        1,
        1,
        1,
        1,
        null,
        null
      ],
      "/Users/wei/Desktop/Side-Project/RspecRails/Rspec-Demo/app/models/post.rb": [
        1,
        null
      ],
      "/Users/wei/Desktop/Side-Project/RspecRails/Rspec-Demo/app/models/application_record.rb": [
        1,
        1,
        null
      ]
    },
    "timestamp": 1603179597
  }
}
